Using pre-set license
Built from '2020.3/staging' branch; Version is '2020.3.18f1 (a7d1c678663c) revision 10998214'; Using compiler version '192528614'; Build Type 'Release'
OS: 'Windows 10 Pro; OS build 19043.1706; Version 2009; 64bit' Language: 'nl' Physical Memory: 32702 MB
BatchMode: 1, IsHumanControllingUs: 0, StartBugReporterOnCrash: 0, Is64bit: 1, IsPro: 0

COMMAND LINE ARGUMENTS:
D:\unity\2020.3.18f1\Editor\Unity.exe
-adb2
-batchMode
-noUpm
-name
AssetImportWorker0
-projectPath
D:/new unity/Game-design-3-prototype-4/Game design 3 concept 4
-logFile
Logs/AssetImportWorker0.log
-srvPort
55517
Successfully changed project path to: D:/new unity/Game-design-3-prototype-4/Game design 3 concept 4
D:/new unity/Game-design-3-prototype-4/Game design 3 concept 4
Using Asset Import Pipeline V2.
Refreshing native plugins compatible for Editor in 53.01 ms, found 5 plugins.
Preloading 0 native plugins for Editor in 0.00 ms.
Initialize engine version: 2020.3.18f1 (a7d1c678663c)
[Subsystems] Discovering subsystems at path D:/unity/2020.3.18f1/Editor/Data/Resources/UnitySubsystems
[Subsystems] Discovering subsystems at path D:/new unity/Game-design-3-prototype-4/Game design 3 concept 4/Assets
GfxDevice: creating device client; threaded=0
Direct3D:
    Version:  Direct3D 11.0 [level 11.1]
    Renderer: NVIDIA GeForce RTX 2080 SUPER (ID=0x1e81)
    Vendor:   
    VRAM:     8010 MB
    Driver:   30.0.15.1259
Initialize mono
Mono path[0] = 'D:/unity/2020.3.18f1/Editor/Data/Managed'
Mono path[1] = 'D:/unity/2020.3.18f1/Editor/Data/MonoBleedingEdge/lib/mono/unityjit'
Mono config path = 'D:/unity/2020.3.18f1/Editor/Data/MonoBleedingEdge/etc'
Using monoOptions --debugger-agent=transport=dt_socket,embedding=1,server=y,suspend=n,address=127.0.0.1:56732
Begin MonoManager ReloadAssembly
Registering precompiled unity dll's ...
Register platform support module: D:/unity/2020.3.18f1/Editor/Data/PlaybackEngines/WindowsStandaloneSupport/UnityEditor.WindowsStandalone.Extensions.dll
Register platform support module: D:/unity/2020.3.18f1/Editor/Data/PlaybackEngines/LinuxStandaloneSupport/UnityEditor.LinuxStandalone.Extensions.dll
Registered in 0.000876 seconds.
Native extension for LinuxStandalone target not found
Native extension for WindowsStandalone target not found
Refreshing native plugins compatible for Editor in 59.63 ms, found 5 plugins.
Preloading 0 native plugins for Editor in 0.00 ms.
Mono: successfully reloaded assembly
- Completed reload, in  0.754 seconds
Domain Reload Profiling:
	ReloadAssembly (754ms)
		BeginReloadAssembly (36ms)
			ExecutionOrderSort (0ms)
			DisableScriptedObjects (0ms)
			BackupInstance (0ms)
			ReleaseScriptingObjects (0ms)
			CreateAndSetChildDomain (1ms)
		EndReloadAssembly (376ms)
			LoadAssemblies (36ms)
			RebuildTransferFunctionScriptingTraits (0ms)
			SetupTypeCache (126ms)
			ReleaseScriptCaches (0ms)
			RebuildScriptCaches (26ms)
			SetupLoadedEditorAssemblies (168ms)
				LogAssemblyErrors (0ms)
				InitializePlatformSupportModulesInManaged (4ms)
				SetLoadedEditorAssemblies (0ms)
				RefreshPlugins (60ms)
				BeforeProcessingInitializeOnLoad (14ms)
				ProcessInitializeOnLoadAttributes (68ms)
				ProcessInitializeOnLoadMethodAttributes (22ms)
				AfterProcessingInitializeOnLoad (0ms)
				EditorAssembliesLoaded (0ms)
			ExecutionOrderSort2 (0ms)
			AwakeInstancesAfterBackupRestoration (0ms)
Platform modules already initialized, skipping
Registering precompiled user dll's ...
Registered in 0.002039 seconds.
Begin MonoManager ReloadAssembly
Native extension for LinuxStandalone target not found
Native extension for WindowsStandalone target not found
Refreshing native plugins compatible for Editor in 52.03 ms, found 5 plugins.
Preloading 0 native plugins for Editor in 0.00 ms.
Mono: successfully reloaded assembly
- Completed reload, in  0.992 seconds
Domain Reload Profiling:
	ReloadAssembly (992ms)
		BeginReloadAssembly (111ms)
			ExecutionOrderSort (0ms)
			DisableScriptedObjects (4ms)
			BackupInstance (0ms)
			ReleaseScriptingObjects (0ms)
			CreateAndSetChildDomain (15ms)
		EndReloadAssembly (836ms)
			LoadAssemblies (68ms)
			RebuildTransferFunctionScriptingTraits (0ms)
			SetupTypeCache (273ms)
			ReleaseScriptCaches (1ms)
			RebuildScriptCaches (51ms)
			SetupLoadedEditorAssemblies (345ms)
				LogAssemblyErrors (0ms)
				InitializePlatformSupportModulesInManaged (4ms)
				SetLoadedEditorAssemblies (0ms)
				RefreshPlugins (52ms)
				BeforeProcessingInitializeOnLoad (79ms)
				ProcessInitializeOnLoadAttributes (205ms)
				ProcessInitializeOnLoadMethodAttributes (4ms)
				AfterProcessingInitializeOnLoad (2ms)
				EditorAssembliesLoaded (0ms)
			ExecutionOrderSort2 (0ms)
			AwakeInstancesAfterBackupRestoration (5ms)
Platform modules already initialized, skipping
========================================================================
Worker process is ready to serve import requests
Launched and connected shader compiler UnityShaderCompiler.exe after 0.05 seconds
Refreshing native plugins compatible for Editor in 1.19 ms, found 5 plugins.
Preloading 0 native plugins for Editor in 0.00 ms.
Unloading 3421 Unused Serialized files (Serialized files now loaded: 0)
System memory in use before: 226.1 MB.
System memory in use after: 226.3 MB.

Unloading 27 unused Assets to reduce memory usage. Loaded Objects now: 3860.
Total: 3.095500 ms (FindLiveObjects: 0.313500 ms CreateObjectMapping: 0.109700 ms MarkObjects: 2.608600 ms  DeleteObjects: 0.062900 ms)

AssetImportParameters requested are different than current active one (requested -> active):
  custom:framework-win-MediaFoundation: 216162199b28c13a410421893ffa2e32 -> 
  custom:video-decoder-ogg-theora: a1e56fd34408186e4bbccfd4996cb3dc -> 
  custom:container-muxer-webm: aa71ff27fc2769a1b78a27578f13a17b -> 
  custom:container-demuxer-webm: 4f35f7cbe854078d1ac9338744f61a02 -> 
  custom:container-demuxer-ogg: 62fdf1f143b41e24485cea50d1cbac27 -> 
  custom:video-encoder-webm-vp8: eb34c28f22e8b96e1ab97ce403110664 -> 
  custom:video-decoder-webm-vp8: 9c59270c3fd7afecdb556c50c9e8de78 -> 
  custom:audio-decoder-ogg-vorbis: bf7c407c2cedff20999df2af8eb42d56 -> 
  custom:audio-encoder-webm-vorbis: bf7c407c2cedff20999df2af8eb42d56 -> 
========================================================================
Received Import Request.
  path: Assets/New Terrain.asset
  artifactKey: Guid(e19e034aa4e43334db3fe22721144453) Importer(815301076,1909f56bfc062723c751e8b465ee728b)
Start importing Assets/New Terrain.asset using Guid(e19e034aa4e43334db3fe22721144453) Importer(815301076,1909f56bfc062723c751e8b465ee728b)  -> (artifact id: 'beb480dcb7202cf9b26c04d60e4c8e2b') in 0.034630 seconds 
  Import took 0.039128 seconds .

========================================================================
Received Import Request.
  Time since last request: 0.000172 seconds.
  path: Assets/New Terrain 1.asset
  artifactKey: Guid(86f9265baa0b4054f91430f7fdd55250) Importer(815301076,1909f56bfc062723c751e8b465ee728b)
Start importing Assets/New Terrain 1.asset using Guid(86f9265baa0b4054f91430f7fdd55250) Importer(815301076,1909f56bfc062723c751e8b465ee728b)  -> (artifact id: 'c3232307f79e2591c9b275b3a1e9a7c8') in 0.011516 seconds 
  Import took 0.016329 seconds .

========================================================================
Received Import Request.
  Time since last request: 41.041936 seconds.
  path: Assets/Scripts
  artifactKey: Guid(e69f0f1b654f1524c90dea85e4308635) Importer(815301076,1909f56bfc062723c751e8b465ee728b)
Start importing Assets/Scripts using Guid(e69f0f1b654f1524c90dea85e4308635) Importer(815301076,1909f56bfc062723c751e8b465ee728b)  -> (artifact id: '40e1d69409285903dca75791d783cde1') in 0.003940 seconds 
  Import took 0.008688 seconds .

========================================================================
Received Import Request.
  Time since last request: 0.011890 seconds.
  path: Assets/Scripts
  artifactKey: Guid(e69f0f1b654f1524c90dea85e4308635) Importer(815301076,1909f56bfc062723c751e8b465ee728b)
Start importing Assets/Scripts using Guid(e69f0f1b654f1524c90dea85e4308635) Importer(815301076,1909f56bfc062723c751e8b465ee728b)  -> (artifact id: '40e1d69409285903dca75791d783cde1') in 0.001533 seconds 
  Import took 0.005677 seconds .

========================================================================
Received Import Request.
  Time since last request: 0.037938 seconds.
  path: Assets/Scripts/GameDesign.PyroPixel.asmdef
  artifactKey: Guid(c4ba8fd473f7d8a45ad6c968948e95f1) Importer(815301076,1909f56bfc062723c751e8b465ee728b)
Start importing Assets/Scripts/GameDesign.PyroPixel.asmdef using Guid(c4ba8fd473f7d8a45ad6c968948e95f1) Importer(815301076,1909f56bfc062723c751e8b465ee728b)  -> (artifact id: '6bfc184f06108735ed7115e237d9bdb6') in 0.005515 seconds 
  Import took 0.009717 seconds .

========================================================================
Received Import Request.
  Time since last request: 0.000146 seconds.
  path: Assets/Scripts/PlayerInput.inputactions
  artifactKey: Guid(cbefcbd516989ad4b8c7777804192f28) Importer(815301076,1909f56bfc062723c751e8b465ee728b)
Start importing Assets/Scripts/PlayerInput.inputactions using Guid(cbefcbd516989ad4b8c7777804192f28) Importer(815301076,1909f56bfc062723c751e8b465ee728b)  -> (artifact id: '93da4fa28a2a8e9204c126a1f001d3d9') in 0.011081 seconds 
  Import took 0.015265 seconds .

========================================================================
Received Import Request.
  Time since last request: 80.666269 seconds.
  path: Assets/Scripts/BurnControl.cs
  artifactKey: Guid(e179914de52b32e43bf56745e0d61794) Importer(815301076,1909f56bfc062723c751e8b465ee728b)
Start importing Assets/Scripts/BurnControl.cs using Guid(e179914de52b32e43bf56745e0d61794) Importer(815301076,1909f56bfc062723c751e8b465ee728b)  -> (artifact id: '224904ef10906605ab9ff04cc1ee39cd') in 0.027135 seconds 
  Import took 0.031381 seconds .

========================================================================
Received Import Request.
  Time since last request: 18.744294 seconds.
  path: Assets/Scripts/PlayerInput.cs
  artifactKey: Guid(8576f43cfec77c14381b46d92ca102ae) Importer(815301076,1909f56bfc062723c751e8b465ee728b)
Start importing Assets/Scripts/PlayerInput.cs using Guid(8576f43cfec77c14381b46d92ca102ae) Importer(815301076,1909f56bfc062723c751e8b465ee728b)  -> (artifact id: 'edbd579103cc262859727d15f7997872') in 0.001405 seconds 
  Import took 0.005744 seconds .

========================================================================
Received Import Request.
  Time since last request: 0.027488 seconds.
  path: Assets/Scripts/PlayerInput.cs
  artifactKey: Guid(8576f43cfec77c14381b46d92ca102ae) Importer(815301076,1909f56bfc062723c751e8b465ee728b)
Start importing Assets/Scripts/PlayerInput.cs using Guid(8576f43cfec77c14381b46d92ca102ae) Importer(815301076,1909f56bfc062723c751e8b465ee728b)  -> (artifact id: 'edbd579103cc262859727d15f7997872') in 0.001585 seconds 
  Import took 0.005891 seconds .

========================================================================
Received Import Request.
  Time since last request: 4.943424 seconds.
  path: Assets/Scripts/CharacterControllers
  artifactKey: Guid(b7e11296194d8804886d95e9c338bf82) Importer(815301076,1909f56bfc062723c751e8b465ee728b)
Start importing Assets/Scripts/CharacterControllers using Guid(b7e11296194d8804886d95e9c338bf82) Importer(815301076,1909f56bfc062723c751e8b465ee728b)  -> (artifact id: 'b18a8a18f923a943279a5abac7a3d239') in 0.003988 seconds 
  Import took 0.008257 seconds .

========================================================================
Received Import Request.
  Time since last request: 100.140756 seconds.
  path: Assets/Scripts/Save system
  artifactKey: Guid(665a8edad732e4949b628384c26912c7) Importer(815301076,1909f56bfc062723c751e8b465ee728b)
Start importing Assets/Scripts/Save system using Guid(665a8edad732e4949b628384c26912c7) Importer(815301076,1909f56bfc062723c751e8b465ee728b)  -> (artifact id: '489212a744630e159547ebe432e69b83') in 0.004369 seconds 
  Import took 0.009347 seconds .

========================================================================
Received Import Request.
  Time since last request: 4.456208 seconds.
  path: Assets/Scripts/Save system/LevelSaveSystem.cs
  artifactKey: Guid(543c6ba57bff85f4ebe8e0cf0a6e085d) Importer(815301076,1909f56bfc062723c751e8b465ee728b)
Start importing Assets/Scripts/Save system/LevelSaveSystem.cs using Guid(543c6ba57bff85f4ebe8e0cf0a6e085d) Importer(815301076,1909f56bfc062723c751e8b465ee728b)  -> (artifact id: '4e36ecae8b791e695489395fead042a0') in 0.003947 seconds 
  Import took 0.008162 seconds .

========================================================================
Received Import Request.
  Time since last request: 0.000404 seconds.
  path: Assets/Scripts/Save system/LevelSaveSystem.cs
  artifactKey: Guid(543c6ba57bff85f4ebe8e0cf0a6e085d) Importer(815301076,1909f56bfc062723c751e8b465ee728b)
Start importing Assets/Scripts/Save system/LevelSaveSystem.cs using Guid(543c6ba57bff85f4ebe8e0cf0a6e085d) Importer(815301076,1909f56bfc062723c751e8b465ee728b)  -> (artifact id: '4e36ecae8b791e695489395fead042a0') in 0.001386 seconds 
  Import took 0.005495 seconds .

========================================================================
Received Import Request.
  Time since last request: 3.184158 seconds.
  path: Assets/Scripts/Save system/LevelData.cs
  artifactKey: Guid(cd0ae008bbc368e4b9f02183619e0f55) Importer(815301076,1909f56bfc062723c751e8b465ee728b)
Start importing Assets/Scripts/Save system/LevelData.cs using Guid(cd0ae008bbc368e4b9f02183619e0f55) Importer(815301076,1909f56bfc062723c751e8b465ee728b)  -> (artifact id: 'aca18082eed5ea95237cb4ca96b9115f') in 0.004724 seconds 
  Import took 0.009131 seconds .

========================================================================
Received Prepare
Registering precompiled user dll's ...
Registered in 0.071843 seconds.
Begin MonoManager ReloadAssembly
Native extension for LinuxStandalone target not found
Native extension for WindowsStandalone target not found
Refreshing native plugins compatible for Editor in 0.61 ms, found 5 plugins.
Preloading 0 native plugins for Editor in 0.00 ms.
Mono: successfully reloaded assembly
- Completed reload, in  0.984 seconds
Domain Reload Profiling:
	ReloadAssembly (984ms)
		BeginReloadAssembly (94ms)
			ExecutionOrderSort (0ms)
			DisableScriptedObjects (4ms)
			BackupInstance (0ms)
			ReleaseScriptingObjects (0ms)
			CreateAndSetChildDomain (28ms)
		EndReloadAssembly (848ms)
			LoadAssemblies (64ms)
			RebuildTransferFunctionScriptingTraits (0ms)
			SetupTypeCache (247ms)
			ReleaseScriptCaches (1ms)
			RebuildScriptCaches (37ms)
			SetupLoadedEditorAssemblies (354ms)
				LogAssemblyErrors (0ms)
				InitializePlatformSupportModulesInManaged (4ms)
				SetLoadedEditorAssemblies (0ms)
				RefreshPlugins (1ms)
				BeforeProcessingInitializeOnLoad (66ms)
				ProcessInitializeOnLoadAttributes (279ms)
				ProcessInitializeOnLoadMethodAttributes (3ms)
				AfterProcessingInitializeOnLoad (2ms)
				EditorAssembliesLoaded (0ms)
			ExecutionOrderSort2 (0ms)
			AwakeInstancesAfterBackupRestoration (9ms)
Platform modules already initialized, skipping
Refreshing native plugins compatible for Editor in 0.62 ms, found 5 plugins.
Preloading 0 native plugins for Editor in 0.00 ms.
Unloading 3294 Unused Serialized files (Serialized files now loaded: 0)
System memory in use before: 218.7 MB.
System memory in use after: 218.9 MB.

Unloading 20 unused Assets to reduce memory usage. Loaded Objects now: 3869.
Total: 3.019000 ms (FindLiveObjects: 0.283600 ms CreateObjectMapping: 0.111500 ms MarkObjects: 2.609300 ms  DeleteObjects: 0.014000 ms)

AssetImportParameters requested are different than current active one (requested -> active):
  custom:framework-win-MediaFoundation: 216162199b28c13a410421893ffa2e32 -> 
  custom:video-decoder-ogg-theora: a1e56fd34408186e4bbccfd4996cb3dc -> 
  custom:container-muxer-webm: aa71ff27fc2769a1b78a27578f13a17b -> 
  custom:container-demuxer-webm: 4f35f7cbe854078d1ac9338744f61a02 -> 
  custom:container-demuxer-ogg: 62fdf1f143b41e24485cea50d1cbac27 -> 
  custom:video-encoder-webm-vp8: eb34c28f22e8b96e1ab97ce403110664 -> 
  custom:video-decoder-webm-vp8: 9c59270c3fd7afecdb556c50c9e8de78 -> 
  custom:audio-decoder-ogg-vorbis: bf7c407c2cedff20999df2af8eb42d56 -> 
  custom:audio-encoder-webm-vorbis: bf7c407c2cedff20999df2af8eb42d56 -> 
========================================================================
Received Import Request.
  Time since last request: 988.441163 seconds.
  path: Assets/Scenes/PyroPixel_LevelSelect.unity
  artifactKey: Guid(25fd69d0ac6907447ae0044833cc4388) Importer(815301076,1909f56bfc062723c751e8b465ee728b)
Start importing Assets/Scenes/PyroPixel_LevelSelect.unity using Guid(25fd69d0ac6907447ae0044833cc4388) Importer(815301076,1909f56bfc062723c751e8b465ee728b)  -> (artifact id: '48be052b51d16737ea676ab32383b0c1') in 0.028545 seconds 
  Import took 0.032961 seconds .

========================================================================
Received Prepare
Refreshing native plugins compatible for Editor in 3.13 ms, found 5 plugins.
Preloading 0 native plugins for Editor in 0.00 ms.
Unloading 17 Unused Serialized files (Serialized files now loaded: 0)
System memory in use before: 153.7 MB.
System memory in use after: 154.0 MB.

Unloading 17 unused Assets to reduce memory usage. Loaded Objects now: 3869.
Total: 3.444900 ms (FindLiveObjects: 0.336000 ms CreateObjectMapping: 0.174100 ms MarkObjects: 2.915100 ms  DeleteObjects: 0.018900 ms)

AssetImportParameters requested are different than current active one (requested -> active):
  custom:framework-win-MediaFoundation: 216162199b28c13a410421893ffa2e32 -> 
  custom:video-decoder-ogg-theora: a1e56fd34408186e4bbccfd4996cb3dc -> 
  custom:container-muxer-webm: aa71ff27fc2769a1b78a27578f13a17b -> 
  custom:container-demuxer-webm: 4f35f7cbe854078d1ac9338744f61a02 -> 
  custom:container-demuxer-ogg: 62fdf1f143b41e24485cea50d1cbac27 -> 
  custom:video-encoder-webm-vp8: eb34c28f22e8b96e1ab97ce403110664 -> 
  custom:video-decoder-webm-vp8: 9c59270c3fd7afecdb556c50c9e8de78 -> 
  custom:audio-decoder-ogg-vorbis: bf7c407c2cedff20999df2af8eb42d56 -> 
  custom:audio-encoder-webm-vorbis: bf7c407c2cedff20999df2af8eb42d56 -> 
========================================================================
Received Prepare
Refreshing native plugins compatible for Editor in 3.82 ms, found 5 plugins.
Preloading 0 native plugins for Editor in 0.00 ms.
Unloading 17 Unused Serialized files (Serialized files now loaded: 0)
System memory in use before: 153.7 MB.
System memory in use after: 154.0 MB.

Unloading 17 unused Assets to reduce memory usage. Loaded Objects now: 3869.
Total: 3.312900 ms (FindLiveObjects: 0.332300 ms CreateObjectMapping: 0.171100 ms MarkObjects: 2.797100 ms  DeleteObjects: 0.011800 ms)

AssetImportParameters requested are different than current active one (requested -> active):
  custom:framework-win-MediaFoundation: 216162199b28c13a410421893ffa2e32 -> 
  custom:video-decoder-ogg-theora: a1e56fd34408186e4bbccfd4996cb3dc -> 
  custom:container-muxer-webm: aa71ff27fc2769a1b78a27578f13a17b -> 
  custom:container-demuxer-webm: 4f35f7cbe854078d1ac9338744f61a02 -> 
  custom:container-demuxer-ogg: 62fdf1f143b41e24485cea50d1cbac27 -> 
  custom:video-encoder-webm-vp8: eb34c28f22e8b96e1ab97ce403110664 -> 
  custom:video-decoder-webm-vp8: 9c59270c3fd7afecdb556c50c9e8de78 -> 
  custom:audio-decoder-ogg-vorbis: bf7c407c2cedff20999df2af8eb42d56 -> 
  custom:audio-encoder-webm-vorbis: bf7c407c2cedff20999df2af8eb42d56 -> 
========================================================================
Received Prepare
Registering precompiled user dll's ...
Registered in 0.002220 seconds.
Begin MonoManager ReloadAssembly
Native extension for LinuxStandalone target not found
Native extension for WindowsStandalone target not found
Refreshing native plugins compatible for Editor in 0.59 ms, found 5 plugins.
Preloading 0 native plugins for Editor in 0.00 ms.
Mono: successfully reloaded assembly
- Completed reload, in  0.845 seconds
Domain Reload Profiling:
	ReloadAssembly (846ms)
		BeginReloadAssembly (97ms)
			ExecutionOrderSort (0ms)
			DisableScriptedObjects (4ms)
			BackupInstance (0ms)
			ReleaseScriptingObjects (0ms)
			CreateAndSetChildDomain (30ms)
		EndReloadAssembly (704ms)
			LoadAssemblies (67ms)
			RebuildTransferFunctionScriptingTraits (0ms)
			SetupTypeCache (250ms)
			ReleaseScriptCaches (1ms)
			RebuildScriptCaches (37ms)
			SetupLoadedEditorAssemblies (262ms)
				LogAssemblyErrors (0ms)
				InitializePlatformSupportModulesInManaged (4ms)
				SetLoadedEditorAssemblies (0ms)
				RefreshPlugins (1ms)
				BeforeProcessingInitializeOnLoad (65ms)
				ProcessInitializeOnLoadAttributes (187ms)
				ProcessInitializeOnLoadMethodAttributes (3ms)
				AfterProcessingInitializeOnLoad (2ms)
				EditorAssembliesLoaded (0ms)
			ExecutionOrderSort2 (0ms)
			AwakeInstancesAfterBackupRestoration (9ms)
Platform modules already initialized, skipping
Refreshing native plugins compatible for Editor in 0.59 ms, found 5 plugins.
Preloading 0 native plugins for Editor in 0.00 ms.
Unloading 3288 Unused Serialized files (Serialized files now loaded: 0)
System memory in use before: 218.2 MB.
System memory in use after: 218.5 MB.

Unloading 20 unused Assets to reduce memory usage. Loaded Objects now: 3871.
Total: 3.211200 ms (FindLiveObjects: 0.352300 ms CreateObjectMapping: 0.160700 ms MarkObjects: 2.681800 ms  DeleteObjects: 0.015700 ms)

AssetImportParameters requested are different than current active one (requested -> active):
  custom:framework-win-MediaFoundation: 216162199b28c13a410421893ffa2e32 -> 
  custom:video-decoder-ogg-theora: a1e56fd34408186e4bbccfd4996cb3dc -> 
  custom:container-muxer-webm: aa71ff27fc2769a1b78a27578f13a17b -> 
  custom:container-demuxer-webm: 4f35f7cbe854078d1ac9338744f61a02 -> 
  custom:container-demuxer-ogg: 62fdf1f143b41e24485cea50d1cbac27 -> 
  custom:video-encoder-webm-vp8: eb34c28f22e8b96e1ab97ce403110664 -> 
  custom:video-decoder-webm-vp8: 9c59270c3fd7afecdb556c50c9e8de78 -> 
  custom:audio-decoder-ogg-vorbis: bf7c407c2cedff20999df2af8eb42d56 -> 
  custom:audio-encoder-webm-vorbis: bf7c407c2cedff20999df2af8eb42d56 -> 
========================================================================
Received Import Request.
  Time since last request: 150.741373 seconds.
  path: Assets/Scenes/PyroPixel_SandboxScene.unity
  artifactKey: Guid(a0df980bbb6251d46ae5b3918ed5e443) Importer(815301076,1909f56bfc062723c751e8b465ee728b)
Start importing Assets/Scenes/PyroPixel_SandboxScene.unity using Guid(a0df980bbb6251d46ae5b3918ed5e443) Importer(815301076,1909f56bfc062723c751e8b465ee728b)  -> (artifact id: 'ca0700cd658d304b0fb5805ed0778326') in 0.055715 seconds 
  Import took 0.060003 seconds .

AssetImportWorkerClient::OnTransportError - code=2 error=End of file
